Arguments: 
  /opt/homebrew/Cellar/node/20.6.0/bin/node /Users/wangyue/.yarn/bin/yarn.js add -D jest @type/jest ts-jest

PATH: 
  /Users/wangyue/.yarn/bin:/Users/wangyue/.config/yarn/global/node_modules/.bin:/opt/homebrew/bin:/opt/homebrew/sbin:/usr/local/bin:/System/Cryptexes/App/usr/bin:/usr/bin:/bin:/usr/sbin:/sbin:~/.dotnet/tools:/Library/Apple/usr/bin:/Library/Frameworks/Mono.framework/Versions/Current/Commands:/Users/wangyue/.yarn/bin:/Users/wangyue/.config/yarn/global/node_modules/.bin:/opt/homebrew/bin:/opt/homebrew/sbin:/Users/wangyue/.cargo/bin

Yarn version: 
  1.22.5

Node version: 
  20.6.0

Platform: 
  darwin arm64

Trace: 
  Error: https://registry.npmmirror.com/@type%2fjest: Not found
      at params.callback [as _callback] (/Users/wangyue/.yarn/lib/cli.js:66988:18)
      at self.callback (/Users/wangyue/.yarn/lib/cli.js:140749:22)
      at Request.emit (node:events:514:28)
      at Request.<anonymous> (/Users/wangyue/.yarn/lib/cli.js:141721:10)
      at Request.emit (node:events:514:28)
      at IncomingMessage.<anonymous> (/Users/wangyue/.yarn/lib/cli.js:141643:12)
      at Object.onceWrapper (node:events:628:28)
      at IncomingMessage.emit (node:events:526:35)
      at endReadableNT (node:internal/streams/readable:1376:12)
      at process.processTicksAndRejections (node:internal/process/task_queues:82:21)

npm manifest: 
  {
    "name": "echoutils",
    "version": "1.0.0",
    "description": "",
    "main": "index.js",
    "scripts": {
      "build": "tsc",
      "test": "echo \"Error: no test specified\" && exit 1"
    },
    "keywords": [],
    "author": "",
    "license": "ISC",
    "dependencies": {
      "typescript": "^5.3.2"
    }
  }

yarn manifest: 
  No manifest

Lockfile: 
  # THIS IS AN AUTOGENERATED FILE. DO NOT EDIT THIS FILE DIRECTLY.
  # yarn lockfile v1
  
  
  typescript@^5.3.2:
    version "5.3.2"
    resolved "https://registry.npmmirror.com/typescript/-/typescript-5.3.2.tgz#00d1c7c1c46928c5845c1ee8d0cc2791031d4c43"
    integrity sha512-6l+RyNy7oAHDfxC4FzSJcz9vnjTKxrLpDG5M2Vu4SHRVNg6xzqZp6LYSR9zjqQTu8DU/f5xwxUdADOkbrIX2gQ==
